Using pre-set license
Built from '2021.1/release' branch; Version is '2021.1.16f1 (5fa502fca597) revision 6268162'; Using compiler version '192528614'; Build Type 'Release'
OS: 'Windows 10 Pro; OS build 19042.1288; Version 2009; 64bit' Language: 'ru' Physical Memory: 7068 MB
BatchMode: 1, IsHumanControllingUs: 0, StartBugReporterOnCrash: 0, Is64bit: 1, IsPro: 0

 COMMAND LINE ARGUMENTS:
C:\Program Files\Unity\2021.1.16f1\Editor\Unity.exe
-adb2
-batchMode
-noUpm
-name
AssetImportWorker0
-projectPath
C:/Users/Amir/Roll a Ball2
-logFile
Logs/AssetImportWorker0.log
-srvPort
54364
Successfully changed project path to: C:/Users/Amir/Roll a Ball2
C:/Users/Amir/Roll a Ball2
Using Asset Import Pipeline V2.
Refreshing native plugins compatible for Editor in 145.50 ms, found 3 plugins.
Preloading 0 native plugins for Editor in 0.00 ms.
Initialize engine version: 2021.1.16f1 (5fa502fca597)
[Subsystems] Discovering subsystems at path C:/Program Files/Unity/2021.1.16f1/Editor/Data/Resources/UnitySubsystems
[Subsystems] Discovering subsystems at path C:/Users/Amir/Roll a Ball2/Assets
GfxDevice: creating device client; threaded=0; jobified=0
Direct3D:
    Version:  Direct3D 11.0 [level 11.1]
    Renderer: Radeon RX 560X Series (ID=0x67ef)
    Vendor:   ATI
    VRAM:     4075 MB
    Driver:   27.20.14501.28009
Initialize mono
Mono path[0] = 'C:/Program Files/Unity/2021.1.16f1/Editor/Data/Managed'
Mono path[1] = 'C:/Program Files/Unity/2021.1.16f1/Editor/Data/MonoBleedingEdge/lib/mono/unityjit'
Mono config path = 'C:/Program Files/Unity/2021.1.16f1/Editor/Data/MonoBleedingEdge/etc'
Using monoOptions --debugger-agent=transport=dt_socket,embedding=1,server=y,suspend=n,address=127.0.0.1:56528
Begin MonoManager ReloadAssembly
Registering precompiled unity dll's ...
Register platform support module: C:/Program Files/Unity/2021.1.16f1/Editor/Data/PlaybackEngines/WebGLSupport/UnityEditor.WebGL.Extensions.dll
Register platform support module: C:/Program Files/Unity/2021.1.16f1/Editor/Data/PlaybackEngines/WindowsStandaloneSupport/UnityEditor.WindowsStandalone.Extensions.dll
Registered in 0.006989 seconds.
Native extension for WindowsStandalone target not found
Native extension for WebGL target not found
Refreshing native plugins compatible for Editor in 196.31 ms, found 3 plugins.
Preloading 0 native plugins for Editor in 0.00 ms.
Mono: successfully reloaded assembly
- Completed reload, in  2.954 seconds
Domain Reload Profiling:
	ReloadAssembly (2955ms)
		BeginReloadAssembly (131ms)
			ExecutionOrderSort (0ms)
			DisableScriptedObjects (0ms)
			BackupInstance (0ms)
			ReleaseScriptingObjects (0ms)
			CreateAndSetChildDomain (1ms)
		EndReloadAssembly (1253ms)
			LoadAssemblies (129ms)
			RebuildTransferFunctionScriptingTraits (0ms)
			SetupTypeCache (470ms)
			ReleaseScriptCaches (0ms)
			RebuildScriptCaches (75ms)
			SetupLoadedEditorAssemblies (574ms)
				LogAssemblyErrors (0ms)
				InitializePlatformSupportModulesInManaged (21ms)
				SetLoadedEditorAssemblies (1ms)
				RefreshPlugins (196ms)
				BeforeProcessingInitializeOnLoad (4ms)
				ProcessInitializeOnLoadAttributes (271ms)
				ProcessInitializeOnLoadMethodAttributes (80ms)
				AfterProcessingInitializeOnLoad (0ms)
				EditorAssembliesLoaded (0ms)
			ExecutionOrderSort2 (0ms)
			AwakeInstancesAfterBackupRestoration (0ms)
Platform modules already initialized, skipping
Registering precompiled user dll's ...
Registered in 0.011444 seconds.
Begin MonoManager ReloadAssembly
Symbol file LoadedFromMemory doesn't match image C:\Users\Amir\Roll a Ball2\Library\PackageCache\com.unity.visualscripting@1.6.1\Editor\VisualScripting.Core\Dependencies\YamlDotNet\Unity.VisualScripting.YamlDotNet.dll
Symbol file LoadedFromMemory doesn't match image C:\Users\Amir\Roll a Ball2\Library\PackageCache\com.unity.visualscripting@1.6.1\Editor\VisualScripting.Core\Dependencies\DotNetZip\Unity.VisualScripting.IonicZip.dll
Native extension for WindowsStandalone target not found
Native extension for WebGL target not found
Refreshing native plugins compatible for Editor in 1.13 ms, found 3 plugins.
Preloading 0 native plugins for Editor in 0.00 ms.
Mono: successfully reloaded assembly
- Completed reload, in  2.610 seconds
Domain Reload Profiling:
	ReloadAssembly (2611ms)
		BeginReloadAssembly (401ms)
			ExecutionOrderSort (0ms)
			DisableScriptedObjects (15ms)
			BackupInstance (0ms)
			ReleaseScriptingObjects (0ms)
			CreateAndSetChildDomain (41ms)
		EndReloadAssembly (2050ms)
			LoadAssemblies (249ms)
			RebuildTransferFunctionScriptingTraits (0ms)
			SetupTypeCache (662ms)
			ReleaseScriptCaches (1ms)
			RebuildScriptCaches (114ms)
			SetupLoadedEditorAssemblies (851ms)
				LogAssemblyErrors (0ms)
				InitializePlatformSupportModulesInManaged (15ms)
				SetLoadedEditorAssemblies (1ms)
				RefreshPlugins (1ms)
				BeforeProcessingInitializeOnLoad (150ms)
				ProcessInitializeOnLoadAttributes (661ms)
				ProcessInitializeOnLoadMethodAttributes (11ms)
				AfterProcessingInitializeOnLoad (11ms)
				EditorAssembliesLoaded (1ms)
			ExecutionOrderSort2 (0ms)
			AwakeInstancesAfterBackupRestoration (26ms)
Platform modules already initialized, skipping
========================================================================
Worker process is ready to serve import requests
Launched and connected shader compiler UnityShaderCompiler.exe after 0.15 seconds
Refreshing native plugins compatible for Editor in 1.17 ms, found 3 plugins.
Preloading 0 native plugins for Editor in 0.00 ms.
Unloading 2950 Unused Serialized files (Serialized files now loaded: 0)
System memory in use before: 105.9 MB.
System memory in use after: 106.1 MB.

Unloading 23 unused Assets to reduce memory usage. Loaded Objects now: 3394.
Total: 6.549100 ms (FindLiveObjects: 0.494300 ms CreateObjectMapping: 0.200300 ms MarkObjects: 5.714500 ms  DeleteObjects: 0.137000 ms)

AssetImportParameters requested are different than current active one (requested -> active):
  custom:framework-win-MediaFoundation: 216162199b28c13a410421893ffa2e32 -> 
  custom:video-decoder-ogg-theora: a1e56fd34408186e4bbccfd4996cb3dc -> 
  custom:container-muxer-webm: aa71ff27fc2769a1b78a27578f13a17b -> 
  custom:container-demuxer-webm: 4f35f7cbe854078d1ac9338744f61a02 -> 
  custom:container-demuxer-ogg: 62fdf1f143b41e24485cea50d1cbac27 -> 
  custom:video-encoder-webm-vp8: eb34c28f22e8b96e1ab97ce403110664 -> 
  custom:video-decoder-webm-vp8: 9c59270c3fd7afecdb556c50c9e8de78 -> 
  custom:audio-decoder-ogg-vorbis: bf7c407c2cedff20999df2af8eb42d56 -> 
  custom:audio-encoder-webm-vorbis: bf7c407c2cedff20999df2af8eb42d56 -> 
========================================================================
Received Import Request.
  path: Assets/Materials/New Material 1.mat
  artifactKey: Guid(c61587a276c784c4c97638a7957d8f99) Importer(815301076,1909f56bfc062723c751e8b465ee728b)
Start importing Assets/Materials/New Material 1.mat using Guid(c61587a276c784c4c97638a7957d8f99) Importer(815301076,1909f56bfc062723c751e8b465ee728b)  -> (artifact id: '8dc444a29b0622f19062e96fb7f9ce03') in 0.246761 seconds 
========================================================================
Received Import Request.
  Time since last request: 10.163951 seconds.
  path: Assets/Materials/BonusMat.mat
  artifactKey: Guid(af070270f5eaca94e8bbadb96250fc6c) Importer(815301076,1909f56bfc062723c751e8b465ee728b)
Start importing Assets/Materials/BonusMat.mat using Guid(af070270f5eaca94e8bbadb96250fc6c) Importer(815301076,1909f56bfc062723c751e8b465ee728b)  -> (artifact id: '0b9c700352bbdcf94fd61ba090a92929') in 0.041625 seconds 
========================================================================
Received Import Request.
  Time since last request: 450.894407 seconds.
  path: Assets/Scripts/GoodBonus.cs
  artifactKey: Guid(fcf88462478fbf64cbe5957eb63e2e88) Importer(815301076,1909f56bfc062723c751e8b465ee728b)
Start importing Assets/Scripts/GoodBonus.cs using Guid(fcf88462478fbf64cbe5957eb63e2e88) Importer(815301076,1909f56bfc062723c751e8b465ee728b)  -> (artifact id: 'd0467760d3eb96a14189e2a76f31ba2d') in 0.025274 seconds 
========================================================================
Received Prepare
Registering precompiled user dll's ...
Registered in 0.014928 seconds.
Begin MonoManager ReloadAssembly
Symbol file LoadedFromMemory doesn't match image C:\Users\Amir\Roll a Ball2\Library\PackageCache\com.unity.visualscripting@1.6.1\Editor\VisualScripting.Core\Dependencies\YamlDotNet\Unity.VisualScripting.YamlDotNet.dll
Symbol file LoadedFromMemory doesn't match image C:\Users\Amir\Roll a Ball2\Library\PackageCache\com.unity.visualscripting@1.6.1\Editor\VisualScripting.Core\Dependencies\DotNetZip\Unity.VisualScripting.IonicZip.dll
Native extension for WindowsStandalone target not found
Native extension for WebGL target not found
Refreshing native plugins compatible for Editor in 1.44 ms, found 3 plugins.
Preloading 0 native plugins for Editor in 0.00 ms.
Mono: successfully reloaded assembly
- Completed reload, in  2.491 seconds
Domain Reload Profiling:
	ReloadAssembly (2492ms)
		BeginReloadAssembly (268ms)
			ExecutionOrderSort (0ms)
			DisableScriptedObjects (7ms)
			BackupInstance (0ms)
			ReleaseScriptingObjects (0ms)
			CreateAndSetChildDomain (79ms)
		EndReloadAssembly (2084ms)
			LoadAssemblies (201ms)
			RebuildTransferFunctionScriptingTraits (0ms)
			SetupTypeCache (794ms)
			ReleaseScriptCaches (2ms)
			RebuildScriptCaches (92ms)
			SetupLoadedEditorAssemblies (795ms)
				LogAssemblyErrors (0ms)
				InitializePlatformSupportModulesInManaged (10ms)
				SetLoadedEditorAssemblies (1ms)
				RefreshPlugins (2ms)
				BeforeProcessingInitializeOnLoad (127ms)
				ProcessInitializeOnLoadAttributes (631ms)
				ProcessInitializeOnLoadMethodAttributes (13ms)
				AfterProcessingInitializeOnLoad (10ms)
				EditorAssembliesLoaded (0ms)
			ExecutionOrderSort2 (0ms)
			AwakeInstancesAfterBackupRestoration (10ms)
Platform modules already initialized, skipping
Refreshing native plugins compatible for Editor in 1.34 ms, found 3 plugins.
Preloading 0 native plugins for Editor in 0.00 ms.
Unloading 2946 Unused Serialized files (Serialized files now loaded: 0)
System memory in use before: 109.8 MB.
System memory in use after: 110.0 MB.

Unloading 18 unused Assets to reduce memory usage. Loaded Objects now: 3438.
Total: 6.962400 ms (FindLiveObjects: 0.394700 ms CreateObjectMapping: 0.198600 ms MarkObjects: 6.279800 ms  DeleteObjects: 0.087100 ms)

AssetImportParameters requested are different than current active one (requested -> active):
  custom:framework-win-MediaFoundation: 216162199b28c13a410421893ffa2e32 -> 
  custom:video-decoder-ogg-theora: a1e56fd34408186e4bbccfd4996cb3dc -> 
  custom:container-muxer-webm: aa71ff27fc2769a1b78a27578f13a17b -> 
  custom:container-demuxer-webm: 4f35f7cbe854078d1ac9338744f61a02 -> 
  custom:container-demuxer-ogg: 62fdf1f143b41e24485cea50d1cbac27 -> 
  custom:video-encoder-webm-vp8: eb34c28f22e8b96e1ab97ce403110664 -> 
  custom:video-decoder-webm-vp8: 9c59270c3fd7afecdb556c50c9e8de78 -> 
  custom:audio-decoder-ogg-vorbis: bf7c407c2cedff20999df2af8eb42d56 -> 
  custom:audio-encoder-webm-vorbis: bf7c407c2cedff20999df2af8eb42d56 -> 
========================================================================
Received Import Request.
  Time since last request: 13.666160 seconds.
  path: Assets/Scripts/Player.cs
  artifactKey: Guid(d8da5b6c42105f6478dd5f5a107ad1fa) Importer(815301076,1909f56bfc062723c751e8b465ee728b)
Start importing Assets/Scripts/Player.cs using Guid(d8da5b6c42105f6478dd5f5a107ad1fa) Importer(815301076,1909f56bfc062723c751e8b465ee728b)  -> (artifact id: '464940f76a6e1478523393928b5b689c') in 0.020450 seconds 
========================================================================
Received Import Request.
  Time since last request: 427.178023 seconds.
  path: Assets/Scripts/InteractiveObject.cs
  artifactKey: Guid(bf2a2bd4fe7da3b4ba5a0acdb388fd41) Importer(815301076,1909f56bfc062723c751e8b465ee728b)
Start importing Assets/Scripts/InteractiveObject.cs using Guid(bf2a2bd4fe7da3b4ba5a0acdb388fd41) Importer(815301076,1909f56bfc062723c751e8b465ee728b)  -> (artifact id: '06fcb257ab8e97dde38676dfcdfe6535') in 0.027045 seconds 
========================================================================
Received Import Request.
  Time since last request: 295.746594 seconds.
  path: Assets/Scripts/IMotion.cs
  artifactKey: Guid(1e39b9f6c41b5974c81e6989ff9ef7a4) Importer(815301076,1909f56bfc062723c751e8b465ee728b)
Start importing Assets/Scripts/IMotion.cs using Guid(1e39b9f6c41b5974c81e6989ff9ef7a4) Importer(815301076,1909f56bfc062723c751e8b465ee728b)  -> (artifact id: '08712b5947a3f2f9ce1e51b07704b0cd') in 0.027811 seconds 
========================================================================
Received Import Request.
  Time since last request: 678.996980 seconds.
  path: Assets/Scripts/IMotion.cs
  artifactKey: Guid(1e39b9f6c41b5974c81e6989ff9ef7a4) Importer(815301076,1909f56bfc062723c751e8b465ee728b)
Start importing Assets/Scripts/IMotion.cs using Guid(1e39b9f6c41b5974c81e6989ff9ef7a4) Importer(815301076,1909f56bfc062723c751e8b465ee728b)  -> (artifact id: '0c789f6db5be2889d6cc0058f4739b48') in 0.011366 seconds 
========================================================================
Received Import Request.
  Time since last request: 189.073424 seconds.
  path: Assets/Scripts/PlayerMovement.cs
  artifactKey: Guid(f089af478445a2a44af72562cdbab35c) Importer(815301076,1909f56bfc062723c751e8b465ee728b)
Start importing Assets/Scripts/PlayerMovement.cs using Guid(f089af478445a2a44af72562cdbab35c) Importer(815301076,1909f56bfc062723c751e8b465ee728b)  -> (artifact id: '73f92e15db71a93ce003cb9f5087fba9') in 0.031403 seconds 
========================================================================
Received Import Request.
  Time since last request: 9.043863 seconds.
  path: Assets/Scripts/Iview.cs
  artifactKey: Guid(f1e48fc02b48189439cf4fea1f6abbd2) Importer(815301076,1909f56bfc062723c751e8b465ee728b)
Start importing Assets/Scripts/Iview.cs using Guid(f1e48fc02b48189439cf4fea1f6abbd2) Importer(815301076,1909f56bfc062723c751e8b465ee728b)  -> (artifact id: '9a46c36b49f0a269b35e37f11f7760a7') in 0.024695 seconds 
========================================================================
Received Import Request.
  Time since last request: 20.399872 seconds.
  path: Assets/Scripts/IView.cs
  artifactKey: Guid(f1e48fc02b48189439cf4fea1f6abbd2) Importer(815301076,1909f56bfc062723c751e8b465ee728b)
Start importing Assets/Scripts/IView.cs using Guid(f1e48fc02b48189439cf4fea1f6abbd2) Importer(815301076,1909f56bfc062723c751e8b465ee728b)  -> (artifact id: '869fef08430616308ae2ee6f5f6a91f5') in 0.023042 seconds 
========================================================================
Received Import Request.
  Time since last request: 24.343410 seconds.
  path: Assets/Scripts/IView.cs
  artifactKey: Guid(f1e48fc02b48189439cf4fea1f6abbd2) Importer(815301076,1909f56bfc062723c751e8b465ee728b)
Start importing Assets/Scripts/IView.cs using Guid(f1e48fc02b48189439cf4fea1f6abbd2) Importer(815301076,1909f56bfc062723c751e8b465ee728b)  -> (artifact id: '7b6f67ff73bd5547e755a3c5cd02b322') in 0.006763 seconds 
========================================================================
Received Import Request.
  Time since last request: 370.705511 seconds.
  path: Assets/Scripts/IInteractable.cs
  artifactKey: Guid(0267e28cc32563849889874a896cc632) Importer(815301076,1909f56bfc062723c751e8b465ee728b)
Start importing Assets/Scripts/IInteractable.cs using Guid(0267e28cc32563849889874a896cc632) Importer(815301076,1909f56bfc062723c751e8b465ee728b)  -> (artifact id: '56f5c7d4396a8cb6c25323841c114d06') in 0.026537 seconds 
========================================================================
Received Import Request.
  Time since last request: 61.958928 seconds.
  path: Assets/Scripts/IInteractable.cs
  artifactKey: Guid(0267e28cc32563849889874a896cc632) Importer(815301076,1909f56bfc062723c751e8b465ee728b)
Start importing Assets/Scripts/IInteractable.cs using Guid(0267e28cc32563849889874a896cc632) Importer(815301076,1909f56bfc062723c751e8b465ee728b)  -> (artifact id: '5be04e0fee0a5a9b77158ab31496a529') in 0.008185 seconds 
========================================================================
Received Import Request.
  Time since last request: 4.714939 seconds.
  path: Assets/Scripts/IInitialization.cs
  artifactKey: Guid(6460f5c3d5a91dc408b171bcd0acff6e) Importer(815301076,1909f56bfc062723c751e8b465ee728b)
Start importing Assets/Scripts/IInitialization.cs using Guid(6460f5c3d5a91dc408b171bcd0acff6e) Importer(815301076,1909f56bfc062723c751e8b465ee728b)  -> (artifact id: 'e5a47ef323f939263801af9ad3770e5e') in 0.023619 seconds 
========================================================================
Received Import Request.
  Time since last request: 22.351924 seconds.
  path: Assets/Scripts/IInitialization.cs
  artifactKey: Guid(6460f5c3d5a91dc408b171bcd0acff6e) Importer(815301076,1909f56bfc062723c751e8b465ee728b)
Start importing Assets/Scripts/IInitialization.cs using Guid(6460f5c3d5a91dc408b171bcd0acff6e) Importer(815301076,1909f56bfc062723c751e8b465ee728b)  -> (artifact id: 'd10659626043daa3521b75844fe48858') in 0.007608 seconds 
========================================================================
Received Import Request.
  Time since last request: 4.327496 seconds.
  path: Assets/Scripts/IAction.cs
  artifactKey: Guid(a471eb5d7f1951b4dbfb62ec041d2155) Importer(815301076,1909f56bfc062723c751e8b465ee728b)
Start importing Assets/Scripts/IAction.cs using Guid(a471eb5d7f1951b4dbfb62ec041d2155) Importer(815301076,1909f56bfc062723c751e8b465ee728b)  -> (artifact id: '4abf8bc1b03d30cc4afb40249b4619db') in 0.022162 seconds 
========================================================================
Received Import Request.
  Time since last request: 22.738629 seconds.
  path: Assets/Scripts/IAction.cs
  artifactKey: Guid(a471eb5d7f1951b4dbfb62ec041d2155) Importer(815301076,1909f56bfc062723c751e8b465ee728b)
Start importing Assets/Scripts/IAction.cs using Guid(a471eb5d7f1951b4dbfb62ec041d2155) Importer(815301076,1909f56bfc062723c751e8b465ee728b)  -> (artifact id: '3ca35925eaf873ef6c4c2a58a055d554') in 0.005476 seconds 
========================================================================
Received Import Request.
  Time since last request: 9.607302 seconds.
  path: Assets/Scripts/GoodBonus.cs
  artifactKey: Guid(fcf88462478fbf64cbe5957eb63e2e88) Importer(815301076,1909f56bfc062723c751e8b465ee728b)
Start importing Assets/Scripts/GoodBonus.cs using Guid(fcf88462478fbf64cbe5957eb63e2e88) Importer(815301076,1909f56bfc062723c751e8b465ee728b)  -> (artifact id: 'edd12a7288cc5b529659965e287954e3') in 0.024778 seconds 
========================================================================
Received Import Request.
  Time since last request: 20.316325 seconds.
  path: Assets/Scripts/IMotion.cs
  artifactKey: Guid(1e39b9f6c41b5974c81e6989ff9ef7a4) Importer(815301076,1909f56bfc062723c751e8b465ee728b)
Start importing Assets/Scripts/IMotion.cs using Guid(1e39b9f6c41b5974c81e6989ff9ef7a4) Importer(815301076,1909f56bfc062723c751e8b465ee728b)  -> (artifact id: 'ed05a822146ad410820d6787954a5d32') in 0.008766 seconds 
========================================================================
Received Import Request.
  Time since last request: 10.255135 seconds.
  path: Assets/Scripts/InteractiveObject.cs
  artifactKey: Guid(bf2a2bd4fe7da3b4ba5a0acdb388fd41) Importer(815301076,1909f56bfc062723c751e8b465ee728b)
Start importing Assets/Scripts/InteractiveObject.cs using Guid(bf2a2bd4fe7da3b4ba5a0acdb388fd41) Importer(815301076,1909f56bfc062723c751e8b465ee728b)  -> (artifact id: '1d5307136497b7e012eca79291534ee1') in 0.025572 seconds 
========================================================================
Received Import Request.
  Time since last request: 152.518533 seconds.
  path: Assets/Scripts/IFlicker.cs
  artifactKey: Guid(72f68b3096e523748bfc2b84767268a9) Importer(815301076,1909f56bfc062723c751e8b465ee728b)
Start importing Assets/Scripts/IFlicker.cs using Guid(72f68b3096e523748bfc2b84767268a9) Importer(815301076,1909f56bfc062723c751e8b465ee728b)  -> (artifact id: 'ab2d6d3b048b65b46709b916d9a326c0') in 0.021596 seconds 
========================================================================
Received Import Request.
  Time since last request: 16.718814 seconds.
  path: Assets/Scripts/IFlicker.cs
  artifactKey: Guid(72f68b3096e523748bfc2b84767268a9) Importer(815301076,1909f56bfc062723c751e8b465ee728b)
Start importing Assets/Scripts/IFlicker.cs using Guid(72f68b3096e523748bfc2b84767268a9) Importer(815301076,1909f56bfc062723c751e8b465ee728b)  -> (artifact id: '9fcffe8f285985bbd9d974469ea1a0bc') in 0.006733 seconds 
========================================================================
Received Prepare
Registering precompiled user dll's ...
Registered in 0.283606 seconds.
Begin MonoManager ReloadAssembly
Symbol file LoadedFromMemory doesn't match image C:\Users\Amir\Roll a Ball2\Library\PackageCache\com.unity.visualscripting@1.6.1\Editor\VisualScripting.Core\Dependencies\YamlDotNet\Unity.VisualScripting.YamlDotNet.dll
Symbol file LoadedFromMemory doesn't match image C:\Users\Amir\Roll a Ball2\Library\PackageCache\com.unity.visualscripting@1.6.1\Editor\VisualScripting.Core\Dependencies\DotNetZip\Unity.VisualScripting.IonicZip.dll
Native extension for WindowsStandalone target not found
Native extension for WebGL target not found
Refreshing native plugins compatible for Editor in 0.94 ms, found 3 plugins.
Preloading 0 native plugins for Editor in 0.00 ms.
Mono: successfully reloaded assembly
- Completed reload, in  2.904 seconds
Domain Reload Profiling:
	ReloadAssembly (2905ms)
		BeginReloadAssembly (347ms)
			ExecutionOrderSort (0ms)
			DisableScriptedObjects (17ms)
			BackupInstance (0ms)
			ReleaseScriptingObjects (0ms)
			CreateAndSetChildDomain (129ms)
		EndReloadAssembly (2399ms)
			LoadAssemblies (251ms)
			RebuildTransferFunctionScriptingTraits (0ms)
			SetupTypeCache (870ms)
			ReleaseScriptCaches (2ms)
			RebuildScriptCaches (87ms)
			SetupLoadedEditorAssemblies (1006ms)
				LogAssemblyErrors (0ms)
				InitializePlatformSupportModulesInManaged (13ms)
				SetLoadedEditorAssemblies (1ms)
				RefreshPlugins (1ms)
				BeforeProcessingInitializeOnLoad (106ms)
				ProcessInitializeOnLoadAttributes (862ms)
				ProcessInitializeOnLoadMethodAttributes (9ms)
				AfterProcessingInitializeOnLoad (13ms)
				EditorAssembliesLoaded (1ms)
			ExecutionOrderSort2 (0ms)
			AwakeInstancesAfterBackupRestoration (17ms)
Platform modules already initialized, skipping
Refreshing native plugins compatible for Editor in 1.42 ms, found 3 plugins.
Preloading 0 native plugins for Editor in 0.00 ms.
Unloading 2953 Unused Serialized files (Serialized files now loaded: 0)
System memory in use before: 110.0 MB.
System memory in use after: 110.2 MB.

Unloading 18 unused Assets to reduce memory usage. Loaded Objects now: 3448.
Total: 6.929000 ms (FindLiveObjects: 0.404000 ms CreateObjectMapping: 0.215600 ms MarkObjects: 6.197800 ms  DeleteObjects: 0.108900 ms)

AssetImportParameters requested are different than current active one (requested -> active):
  custom:framework-win-MediaFoundation: 216162199b28c13a410421893ffa2e32 -> 
  custom:video-decoder-ogg-theora: a1e56fd34408186e4bbccfd4996cb3dc -> 
  custom:container-muxer-webm: aa71ff27fc2769a1b78a27578f13a17b -> 
  custom:container-demuxer-webm: 4f35f7cbe854078d1ac9338744f61a02 -> 
  custom:container-demuxer-ogg: 62fdf1f143b41e24485cea50d1cbac27 -> 
  custom:video-encoder-webm-vp8: eb34c28f22e8b96e1ab97ce403110664 -> 
  custom:video-decoder-webm-vp8: 9c59270c3fd7afecdb556c50c9e8de78 -> 
  custom:audio-decoder-ogg-vorbis: bf7c407c2cedff20999df2af8eb42d56 -> 
  custom:audio-encoder-webm-vorbis: bf7c407c2cedff20999df2af8eb42d56 -> 
========================================================================
Received Prepare
Registering precompiled user dll's ...
Registered in 0.009977 seconds.
Begin MonoManager ReloadAssembly
Symbol file LoadedFromMemory doesn't match image C:\Users\Amir\Roll a Ball2\Library\PackageCache\com.unity.visualscripting@1.6.1\Editor\VisualScripting.Core\Dependencies\YamlDotNet\Unity.VisualScripting.YamlDotNet.dll
Symbol file LoadedFromMemory doesn't match image C:\Users\Amir\Roll a Ball2\Library\PackageCache\com.unity.visualscripting@1.6.1\Editor\VisualScripting.Core\Dependencies\DotNetZip\Unity.VisualScripting.IonicZip.dll
Native extension for WindowsStandalone target not found
Native extension for WebGL target not found
Refreshing native plugins compatible for Editor in 1.23 ms, found 3 plugins.
Preloading 0 native plugins for Editor in 0.00 ms.
Mono: successfully reloaded assembly
- Completed reload, in  2.901 seconds
Domain Reload Profiling:
	ReloadAssembly (2902ms)
		BeginReloadAssembly (268ms)
			ExecutionOrderSort (0ms)
			DisableScriptedObjects (8ms)
			BackupInstance (0ms)
			ReleaseScriptingObjects (0ms)
			CreateAndSetChildDomain (66ms)
		EndReloadAssembly (2482ms)
			LoadAssemblies (275ms)
			RebuildTransferFunctionScriptingTraits (0ms)
			SetupTypeCache (896ms)
			ReleaseScriptCaches (2ms)
			RebuildScriptCaches (99ms)
			SetupLoadedEditorAssemblies (1007ms)
				LogAssemblyErrors (0ms)
				InitializePlatformSupportModulesInManaged (19ms)
				SetLoadedEditorAssemblies (1ms)
				RefreshPlugins (1ms)
				BeforeProcessingInitializeOnLoad (140ms)
				ProcessInitializeOnLoadAttributes (823ms)
				ProcessInitializeOnLoadMethodAttributes (8ms)
				AfterProcessingInitializeOnLoad (14ms)
				EditorAssembliesLoaded (1ms)
			ExecutionOrderSort2 (0ms)
			AwakeInstancesAfterBackupRestoration (16ms)
Platform modules already initialized, skipping
Refreshing native plugins compatible for Editor in 0.76 ms, found 3 plugins.
Preloading 0 native plugins for Editor in 0.00 ms.
Unloading 2953 Unused Serialized files (Serialized files now loaded: 0)
System memory in use before: 110.0 MB.
System memory in use after: 110.2 MB.

Unloading 18 unused Assets to reduce memory usage. Loaded Objects now: 3451.
Total: 4.912700 ms (FindLiveObjects: 0.322200 ms CreateObjectMapping: 0.181700 ms MarkObjects: 4.324900 ms  DeleteObjects: 0.081900 ms)

AssetImportParameters requested are different than current active one (requested -> active):
  custom:framework-win-MediaFoundation: 216162199b28c13a410421893ffa2e32 -> 
  custom:video-decoder-ogg-theora: a1e56fd34408186e4bbccfd4996cb3dc -> 
  custom:container-muxer-webm: aa71ff27fc2769a1b78a27578f13a17b -> 
  custom:container-demuxer-webm: 4f35f7cbe854078d1ac9338744f61a02 -> 
  custom:container-demuxer-ogg: 62fdf1f143b41e24485cea50d1cbac27 -> 
  custom:video-encoder-webm-vp8: eb34c28f22e8b96e1ab97ce403110664 -> 
  custom:video-decoder-webm-vp8: 9c59270c3fd7afecdb556c50c9e8de78 -> 
  custom:audio-decoder-ogg-vorbis: bf7c407c2cedff20999df2af8eb42d56 -> 
  custom:audio-encoder-webm-vorbis: bf7c407c2cedff20999df2af8eb42d56 -> 
========================================================================
Received Prepare
Registering precompiled user dll's ...
Registered in 0.011175 seconds.
Begin MonoManager ReloadAssembly
Symbol file LoadedFromMemory doesn't match image C:\Users\Amir\Roll a Ball2\Library\PackageCache\com.unity.visualscripting@1.6.1\Editor\VisualScripting.Core\Dependencies\YamlDotNet\Unity.VisualScripting.YamlDotNet.dll
Symbol file LoadedFromMemory doesn't match image C:\Users\Amir\Roll a Ball2\Library\PackageCache\com.unity.visualscripting@1.6.1\Editor\VisualScripting.Core\Dependencies\DotNetZip\Unity.VisualScripting.IonicZip.dll
Native extension for WindowsStandalone target not found
Native extension for WebGL target not found
Refreshing native plugins compatible for Editor in 1.24 ms, found 3 plugins.
Preloading 0 native plugins for Editor in 0.00 ms.
Mono: successfully reloaded assembly
- Completed reload, in  2.786 seconds
Domain Reload Profiling:
	ReloadAssembly (2787ms)
		BeginReloadAssembly (306ms)
			ExecutionOrderSort (0ms)
			DisableScriptedObjects (19ms)
			BackupInstance (0ms)
			ReleaseScriptingObjects (0ms)
			CreateAndSetChildDomain (73ms)
		EndReloadAssembly (2295ms)
			LoadAssemblies (282ms)
			RebuildTransferFunctionScriptingTraits (0ms)
			SetupTypeCache (848ms)
			ReleaseScriptCaches (2ms)
			RebuildScriptCaches (108ms)
			SetupLoadedEditorAssemblies (846ms)
				LogAssemblyErrors (0ms)
				InitializePlatformSupportModulesInManaged (21ms)
				SetLoadedEditorAssemblies (1ms)
				RefreshPlugins (1ms)
				BeforeProcessingInitializeOnLoad (115ms)
				ProcessInitializeOnLoadAttributes (686ms)
				ProcessInitializeOnLoadMethodAttributes (8ms)
				AfterProcessingInitializeOnLoad (13ms)
				EditorAssembliesLoaded (1ms)
			ExecutionOrderSort2 (0ms)
			AwakeInstancesAfterBackupRestoration (17ms)
Platform modules already initialized, skipping
Refreshing native plugins compatible for Editor in 0.89 ms, found 3 plugins.
Preloading 0 native plugins for Editor in 0.00 ms.
Unloading 2953 Unused Serialized files (Serialized files now loaded: 0)
System memory in use before: 110.0 MB.
System memory in use after: 110.2 MB.

Unloading 18 unused Assets to reduce memory usage. Loaded Objects now: 3454.
Total: 6.883500 ms (FindLiveObjects: 0.448300 ms CreateObjectMapping: 0.291000 ms MarkObjects: 6.037200 ms  DeleteObjects: 0.104700 ms)

AssetImportParameters requested are different than current active one (requested -> active):
  custom:framework-win-MediaFoundation: 216162199b28c13a410421893ffa2e32 -> 
  custom:video-decoder-ogg-theora: a1e56fd34408186e4bbccfd4996cb3dc -> 
  custom:container-muxer-webm: aa71ff27fc2769a1b78a27578f13a17b -> 
  custom:container-demuxer-webm: 4f35f7cbe854078d1ac9338744f61a02 -> 
  custom:container-demuxer-ogg: 62fdf1f143b41e24485cea50d1cbac27 -> 
  custom:video-encoder-webm-vp8: eb34c28f22e8b96e1ab97ce403110664 -> 
  custom:video-decoder-webm-vp8: 9c59270c3fd7afecdb556c50c9e8de78 -> 
  custom:audio-decoder-ogg-vorbis: bf7c407c2cedff20999df2af8eb42d56 -> 
  custom:audio-encoder-webm-vorbis: bf7c407c2cedff20999df2af8eb42d56 -> 
========================================================================
Received Import Request.
  Time since last request: 211.660958 seconds.
  path: Assets/Scripts/Player.cs
  artifactKey: Guid(d8da5b6c42105f6478dd5f5a107ad1fa) Importer(815301076,1909f56bfc062723c751e8b465ee728b)
Start importing Assets/Scripts/Player.cs using Guid(d8da5b6c42105f6478dd5f5a107ad1fa) Importer(815301076,1909f56bfc062723c751e8b465ee728b)  -> (artifact id: '4bee219c5212dd3a0b9d34e0c19535ab') in 0.022764 seconds 
AssetImportWorkerClient::OnTransportError - code=2 error=End of file
